This is pdfTeX, Version 3.14159265-2.6-1.40.19 (MiKTeX 2.9.6840 64-bit) (preloaded format=pdflatex 2020.1.24)  15 JUL 2020 12:58
entering extended mode
**./iccc.tex
(iccc.tex
LaTeX2e <2018-04-01> patch level 5
(D:\MikTex\tex\latex\base\article.cls
Document Class: article 2014/09/29 v1.4h Standard LaTeX document class
(D:\MikTex\tex\latex\base\size10.clo
File: size10.clo 2014/09/29 v1.4h Standard LaTeX file (size option)
)
\c@part=\count80
\c@section=\count81
\c@subsection=\count82
\c@subsubsection=\count83
\c@paragraph=\count84
\c@subparagraph=\count85
\c@figure=\count86
\c@table=\count87
\abovecaptionskip=\skip41
\belowcaptionskip=\skip42
\bibindent=\dimen102
) (iccc.sty
Conference Style for ICCC for LaTeX 2e -- version of 16 September 2010
\titlebox=\skip43
) (D:\MikTex\tex\latex\graphics\graphicx.sty
Package: graphicx 2017/06/01 v1.1a Enhanced LaTeX Graphics (DPC,SPQR)

(D:\MikTex\tex\latex\graphics\keyval.sty
Package: keyval 2014/10/28 v1.15 key=value parser (DPC)
\KV@toks@=\toks14
)
(D:\MikTex\tex\latex\graphics\graphics.sty
Package: graphics 2017/06/25 v1.2c Standard LaTeX Graphics (DPC,SPQR)

(D:\MikTex\tex\latex\graphics\trig.sty
Package: trig 2016/01/03 v1.10 sin cos tan (DPC)
)
(D:\MikTex\tex\latex\graphics-cfg\graphics.cfg
File: graphics.cfg 2016/06/04 v1.11 sample graphics configuration
)
Package graphics Info: Driver file: pdftex.def on input line 99.

(D:\MikTex\tex\latex\graphics-def\pdftex.def
File: pdftex.def 2018/01/08 v1.0l Graphics/color driver for pdftex
))
\Gin@req@height=\dimen103
\Gin@req@width=\dimen104
)
(D:\MikTex\tex\latex\url\url.sty
\Urlmuskip=\muskip10
Package: url 2013/09/16  ver 3.4  Verb mode for urls, etc.
) (D:\MikTex\tex\latex\psnfss\times.sty
Package: times 2005/04/12 PSNFSS-v9.2a (SPQR) 
)
(D:\MikTex\tex\latex\psnfss\helvet.sty
Package: helvet 2005/04/12 PSNFSS-v9.2a (WaS) 
) (D:\MikTex\tex\latex\psnfss\courier.sty
Package: courier 2005/04/12 PSNFSS-v9.2a (WaS) 
) (D:\MikTex\tex\latex\caption\subcaption.sty
Package: subcaption 2018/05/01 v1.1-162 Sub-captions (AR)

(D:\MikTex\tex\latex\caption\caption.sty
Package: caption 2018/05/01 v3.3-147 Customizing captions (AR)

(D:\MikTex\tex\latex\caption\caption3.sty
Package: caption3 2018/05/27 v1.8a caption3 kernel (AR)
Package caption3 Info: TeX engine: e-TeX on input line 64.
\captionmargin=\dimen105
\captionmargin@=\dimen106
\captionwidth=\dimen107
\caption@tempdima=\dimen108
\caption@indent=\dimen109
\caption@parindent=\dimen110
\caption@hangindent=\dimen111
)
\c@ContinuedFloat=\count88
)
\c@subfigure=\count89
\c@subtable=\count90
)
(D:\MikTex\tex\latex\amsmath\amsmath.sty
Package: amsmath 2017/09/02 v2.17a AMS math features
\@mathmargin=\skip44

For additional information on amsmath, use the `?' option.
(D:\MikTex\tex\latex\amsmath\amstext.sty
Package: amstext 2000/06/29 v2.01 AMS text

(D:\MikTex\tex\latex\amsmath\amsgen.sty
File: amsgen.sty 1999/11/30 v2.0 generic functions
\@emptytoks=\toks15
\ex@=\dimen112
))
(D:\MikTex\tex\latex\amsmath\amsbsy.sty
Package: amsbsy 1999/11/29 v1.2d Bold Symbols
\pmbraise@=\dimen113
)
(D:\MikTex\tex\latex\amsmath\amsopn.sty
Package: amsopn 2016/03/08 v2.02 operator names
)
\inf@bad=\count91
LaTeX Info: Redefining \frac on input line 213.
\uproot@=\count92
\leftroot@=\count93
LaTeX Info: Redefining \overline on input line 375.
\classnum@=\count94
\DOTSCASE@=\count95
LaTeX Info: Redefining \ldots on input line 472.
LaTeX Info: Redefining \dots on input line 475.
LaTeX Info: Redefining \cdots on input line 596.
\Mathstrutbox@=\box26
\strutbox@=\box27
\big@size=\dimen114
LaTeX Font Info:    Redeclaring font encoding OML on input line 712.
LaTeX Font Info:    Redeclaring font encoding OMS on input line 713.
\macc@depth=\count96
\c@MaxMatrixCols=\count97
\dotsspace@=\muskip11
\c@parentequation=\count98
\dspbrk@lvl=\count99
\tag@help=\toks16
\row@=\count100
\column@=\count101
\maxfields@=\count102
\andhelp@=\toks17
\eqnshift@=\dimen115
\alignsep@=\dimen116
\tagshift@=\dimen117
\tagwidth@=\dimen118
\totwidth@=\dimen119
\lineht@=\dimen120
\@envbody=\toks18
\multlinegap=\skip45
\multlinetaggap=\skip46
\mathdisplay@stack=\toks19
LaTeX Info: Redefining \[ on input line 2817.
LaTeX Info: Redefining \] on input line 2818.
) (iccc.aux)
\openout1 = `iccc.aux'.

LaTeX Font Info:    Checking defaults for OML/cmm/m/it on input line 27.
LaTeX Font Info:    ... okay on input line 27.
LaTeX Font Info:    Checking defaults for T1/cmr/m/n on input line 27.
LaTeX Font Info:    ... okay on input line 27.
LaTeX Font Info:    Checking defaults for OT1/cmr/m/n on input line 27.
LaTeX Font Info:    ... okay on input line 27.
LaTeX Font Info:    Checking defaults for OMS/cmsy/m/n on input line 27.
LaTeX Font Info:    ... okay on input line 27.
LaTeX Font Info:    Checking defaults for OMX/cmex/m/n on input line 27.
LaTeX Font Info:    ... okay on input line 27.
LaTeX Font Info:    Checking defaults for U/cmr/m/n on input line 27.
LaTeX Font Info:    ... okay on input line 27.
LaTeX Font Info:    Try loading font information for OT1+ptm on input line 27.

(D:\MikTex\tex\latex\psnfss\ot1ptm.fd
File: ot1ptm.fd 2001/06/04 font definitions for OT1/ptm.
)
(D:\MikTex\tex\context\base\supp-pdf.mkii
[Loading MPS to PDF converter (version 2006.09.02).]
\scratchcounter=\count103
\scratchdimen=\dimen121
\scratchbox=\box28
\nofMPsegments=\count104
\nofMParguments=\count105
\everyMPshowfont=\toks20
\MPscratchCnt=\count106
\MPscratchDim=\dimen122
\MPnumerator=\count107
\makeMPintoPDFobject=\count108
\everyMPtoPDFconversion=\toks21
) (D:\MikTex\tex\latex\oberdiek\epstopdf-base.sty
Package: epstopdf-base 2016/05/15 v2.6 Base part for package epstopdf

(D:\MikTex\tex\generic\oberdiek\infwarerr.sty
Package: infwarerr 2016/05/16 v1.4 Providing info/warning/error messages (HO)
)
(D:\MikTex\tex\latex\oberdiek\grfext.sty
Package: grfext 2016/05/16 v1.2 Manage graphics extensions (HO)

(D:\MikTex\tex\generic\oberdiek\kvdefinekeys.sty
Package: kvdefinekeys 2016/05/16 v1.4 Define keys (HO)

(D:\MikTex\tex\generic\oberdiek\ltxcmds.sty
Package: ltxcmds 2016/05/16 v1.23 LaTeX kernel commands for general use (HO)
)))
(D:\MikTex\tex\latex\oberdiek\kvoptions.sty
Package: kvoptions 2016/05/16 v3.12 Key value format for package options (HO)

(D:\MikTex\tex\generic\oberdiek\kvsetkeys.sty
Package: kvsetkeys 2016/05/16 v1.17 Key value parser (HO)

(D:\MikTex\tex\generic\oberdiek\etexcmds.sty
Package: etexcmds 2016/05/16 v1.6 Avoid name clashes with e-TeX commands (HO)

(D:\MikTex\tex\generic\oberdiek\ifluatex.sty
Package: ifluatex 2016/05/16 v1.4 Provides the ifluatex switch (HO)
Package ifluatex Info: LuaTeX not detected.
)
Package etexcmds Info: Could not find \expanded.
(etexcmds)             That can mean that you are not using pdfTeX 1.50 or
(etexcmds)             that some package has redefined \expanded.
(etexcmds)             In the latter case, load this package earlier.
)))
(D:\MikTex\tex\generic\oberdiek\pdftexcmds.sty
Package: pdftexcmds 2018/09/10 v0.29 Utility functions of pdfTeX for LuaTeX (HO
)

(D:\MikTex\tex\generic\oberdiek\ifpdf.sty
Package: ifpdf 2018/09/07 v3.3 Provides the ifpdf switch
)
Package pdftexcmds Info: LuaTeX not detected.
Package pdftexcmds Info: \pdf@primitive is available.
Package pdftexcmds Info: \pdf@ifprimitive is available.
Package pdftexcmds Info: \pdfdraftmode found.
)
Package epstopdf-base Info: Redefining graphics rule for `.eps' on input line 4
38.
Package grfext Info: Graphics extension search list:
(grfext)             [.pdf,.png,.jpg,.mps,.jpeg,.jbig2,.jb2,.PDF,.PNG,.JPG,.JPE
G,.JBIG2,.JB2,.eps]
(grfext)             \AppendGraphicsExtensions on input line 456.
)
Package caption Info: Begin \AtBeginDocument code.
Package caption Info: End \AtBeginDocument code.
LaTeX Font Info:    Font shape `OT1/ptm/bx/n' in size <14.4> not available
(Font)              Font shape `OT1/ptm/b/n' tried instead on input line 28.
LaTeX Font Info:    Font shape `OT1/ptm/bx/n' in size <12> not available
(Font)              Font shape `OT1/ptm/b/n' tried instead on input line 28.
LaTeX Font Info:    Font shape `OT1/ptm/bx/n' in size <10> not available
(Font)              Font shape `OT1/ptm/b/n' tried instead on input line 30.

Underfull \hbox (badness 1472) in paragraph at lines 32--33
\OT1/ptm/m/n/9 sys-tems in cre-ative do-mains can be ex-tended and
 []


Underfull \hbox (badness 1087) in paragraph at lines 40--46
\OT1/ptm/m/n/10 Melody Har-mo-niza-tion in mu-sic com-po-si-tion has been
 []


Underfull \hbox (badness 1810) in paragraph at lines 40--46
\OT1/ptm/m/n/10 widely ad-dressed by com-pu-ta-tional cre-ativ-ity re-search,
 []


Underfull \hbox (badness 1902) in paragraph at lines 40--46
\OT1/ptm/m/n/10 in the pro-ceed-ings of the In-ter-na-tional Con-fer-ence in
 []


Underfull \hbox (badness 1436) in paragraph at lines 40--46
\OT1/ptm/m/n/10 Com-pu-ta-tional Cre-ativ-ity (ICCC) and in other pop-u-lar
 []


Underfull \hbox (badness 1728) in paragraph at lines 40--46
\OT1/ptm/m/n/10 ming lan-guage run-ning it-er-a-tions mostly con-sist-ing of
 []


Underfull \hbox (badness 10000) in paragraph at lines 40--46
\OT1/ptm/m/n/10 Early neural-network ap-proaches in-clude HAR-
 []


Underfull \hbox (badness 1348) in paragraph at lines 40--46
\OT1/ptm/m/n/10 neu-ral net-works in or-der to ex-tract and learn mu-si-cal
 []

[1{C:/Users/sauli/AppData/Local/MiKTeX/2.9/pdftex/config/pdftex.map}



]
<pianoroll.png, id=7, 803.0pt x 602.25pt>
File: pianoroll.png Graphic file (type png)
<use pianoroll.png>
Package pdftex.def Info: pianoroll.png  used on input line 54.
(pdftex.def)             Requested size: 160.59715pt x 120.44786pt.
 [2 <./pianoroll.png>]
<./images/winslossbach.png, id=13, 408.77719pt x 264.99pt>
File: ./images/winslossbach.png Graphic file (type png)
<use ./images/winslossbach.png>
Package pdftex.def Info: ./images/winslossbach.png  used on input line 64.
(pdftex.def)             Requested size: 245.2682pt x 158.99522pt.

Overfull \hbox (5.87383pt too wide) in paragraph at lines 64--65
 [] 
 []


Underfull \hbox (badness 1308) in paragraph at lines 61--69
 \OT1/ptm/b/n/10 Gen-er-a-tion: \OT1/ptm/m/n/10 Hav-ing es-ti-mated the pa-ram-
e-ters for the
 []


Underfull \hbox (badness 1112) in paragraph at lines 73--74
\OT1/ptm/m/n/10 The sys-tem has cru-cial prop-er-ties for cre-ative sys-tems
 []


Underfull \hbox (badness 10000) in paragraph at lines 73--74

 []


Underfull \hbox (badness 10000) in paragraph at lines 75--76

 []

LaTeX Font Info:    Try loading font information for OMS+ptm on input line 79.
(D:\MikTex\tex\latex\psnfss\omsptm.fd
File: omsptm.fd 
)
LaTeX Font Info:    Font shape `OMS/ptm/m/n' in size <10> not available
(Font)              Font shape `OMS/cmsy/m/n' tried instead on input line 79.

Underfull \hbox (badness 10000) in paragraph at lines 83--84

 []


Underfull \hbox (badness 10000) in paragraph at lines 85--87

 []

[3 <./images/winslossbach.png>]
LaTeX Font Info:    Font shape `OT1/ptm/bx/n' in size <10.95> not available
(Font)              Font shape `OT1/ptm/b/n' tried instead on input line 91.

Underfull \hbox (badness 1681) in paragraph at lines 93--94
\OT1/ptm/m/n/10 al-though not in-fi-nite the con-cep-tual space of pos-si-ble
 []


Underfull \hbox (badness 10000) in paragraph at lines 93--94

 []


Underfull \hbox (badness 10000) in paragraph at lines 113--115
\OT1/ptm/m/n/10 With these re-sults now we can fi-nally cal-cu-late
 []


Underfull \hbox (badness 1342) in paragraph at lines 113--115
\OML/cmm/m/it/10 complexity[]$ \OT1/ptm/m/n/10 for each $\OML/cmm/m/it/10 x \OM
S/cmsy/m/n/10 2 \OML/cmm/m/it/10 R$ \OT1/ptm/m/n/10 by sum-ming all the
 []

LaTeX Font Info:    Try loading font information for OT1+pcr on input line 122.

(D:\MikTex\tex\latex\psnfss\ot1pcr.fd
File: ot1pcr.fd 2001/06/04 font definitions for OT1/pcr.
)
Underfull \hbox (badness 10000) in paragraph at lines 122--122
[][]\OT1/ptm/m/n/9 The code repos-i-tory for gen-er-a-tion and eval-u-a-tion
 []


Underfull \hbox (badness 10000) in paragraph at lines 122--122
\OT1/ptm/m/n/9 can be found in $\OT1/pcr/m/n/9 https : / / github . com / Siriv
asv /
 []


Underfull \hbox (badness 10000) in paragraph at lines 131--133

 []


Underfull \hbox (badness 1033) in paragraph at lines 160--162
\OT1/ptm/m/n/10 prob-a-bil-ity dis-tri-bu-tions in-ferred in the train-ing sec-
tion
 []


Underfull \hbox (badness 1681) in paragraph at lines 160--162
\OT1/ptm/m/n/10 au-dio or sym-bolic mu-sic rep-re-sen-ta-tions found in the
 []


Underfull \hbox (badness 10000) in paragraph at lines 160--162

 []

[4]
<./images/museinterface.png, id=29, 1028.34187pt x 547.2947pt>
File: ./images/museinterface.png Graphic file (type png)
<use ./images/museinterface.png>
Package pdftex.def Info: ./images/museinterface.png  used on input line 174.
(pdftex.def)             Requested size: 226.23592pt x 120.4052pt.


LaTeX Warning: `h' float specifier changed to `ht'.

<./images/coconetsolo.png, id=30, 270.00874pt x 219.82124pt>
File: ./images/coconetsolo.png Graphic file (type png)
<use ./images/coconetsolo.png>
Package pdftex.def Info: ./images/coconetsolo.png  used on input line 198.
(pdftex.def)             Requested size: 108.00157pt x 87.92693pt.
<./images/coconetnotsoloselect.png, id=31, 1367.1075pt x 480.79625pt>
File: ./images/coconetnotsoloselect.png Graphic file (type png)
<use ./images/coconetnotsoloselect.png>
Package pdftex.def Info: ./images/coconetnotsoloselect.png  used on input line 
205.
(pdftex.def)             Requested size: 232.4052pt x 81.73427pt.
<./images/compositionbeingmade.png, id=32, 1377.145pt x 384.43625pt>
File: ./images/compositionbeingmade.png Graphic file (type png)
<use ./images/compositionbeingmade.png>
Package pdftex.def Info: ./images/compositionbeingmade.png  used on input line 
212.
(pdftex.def)             Requested size: 234.11156pt x 65.35329pt.
<./images/coconetfinished.png, id=33, 1344.02126pt x 552.0625pt>
File: ./images/coconetfinished.png Graphic file (type png)
<use ./images/coconetfinished.png>
Package pdftex.def Info: ./images/coconetfinished.png  used on input line 219.
(pdftex.def)             Requested size: 228.48059pt x 93.84938pt.

LaTeX Warning: `h' float specifier changed to `ht'.


LaTeX Warning: `h' float specifier changed to `ht'.


LaTeX Warning: `h' float specifier changed to `ht'.


LaTeX Warning: `h' float specifier changed to `ht'.

[5 <./images/museinterface.png>] (iccc.bbl
Underfull \hbox (badness 1472) in paragraph at lines 60--65
[]\OT1/ptm/m/n/10 Hertzmann, A.  2018.  Can Com-put-ers Cre-ate Art?
 []


Underfull \hbox (badness 1184) in paragraph at lines 103--111
[]\OT1/ptm/m/n/10 Liu, J. S.  1994.  The Col-lapsed Gibbs Sam-pler in
 []

[6 <./images/coconetsolo.png> <./images/coconetnotsoloselect.png> <./images/com
positionbeingmade.png> <./images/coconetfinished.png>]
Underfull \hbox (badness 1521) in paragraph at lines 158--163
[]\OT1/ptm/m/n/10 Uria, B.; C[]ot[]e, M.-A.; Gre-gor, K.; Mur-ray, I.; and
 []

) [7

] (iccc.aux) ) 
Here is how much of TeX's memory you used:
 3480 strings out of 492966
 51414 string characters out of 3143728
 132530 words of memory out of 3000000
 7294 multiletter control sequences out of 15000+200000
 23440 words of font info for 48 fonts, out of 3000000 for 9000
 1141 hyphenation exceptions out of 8191
 42i,17n,40p,1660b,274s stack positions out of 5000i,500n,10000p,200000b,50000s
{D:/MikTex/fonts/enc/dvips/base/8r.enc}<D:/MikTex/fonts/type1/pub
lic/amsfonts/cm/cmex10.pfb><D:/MikTex/fonts/type1/public/amsfonts/cm/cmmi10.pfb
><D:/MikTex/fonts/type1/public/amsfonts/cm/cmmi7.pfb><D:/MikTex/fonts/type1/pub
lic/amsfonts/cm/cmr10.pfb><D:/MikTex/fonts/type1/public/amsfonts/cm/cmr7.pfb><D
:/MikTex/fonts/type1/public/amsfonts/cm/cmsy10.pfb><D:/MikTex/fonts/type1/publi
c/amsfonts/cm/cmsy7.pfb><D:/MikTex/fonts/type1/urw/courier/ucrr8a.pfb><D:/MikTe
x/fonts/type1/urw/times/utmb8a.pfb><D:/MikTex/fonts/type1/urw/times/utmr8a.pfb>
<D:/MikTex/fonts/type1/urw/times/utmri8a.pfb>
Output written on iccc.pdf (7 pages, 426193 bytes).
PDF statistics:
 86 PDF objects out of 1000 (max. 8388607)
 0 named destinations out of 1000 (max. 500000)
 36 words of extra memory for PDF output out of 10000 (max. 10000000)

